<?xml version="1.0" encoding="UTF-8"?>
<!-- Generated by org.testng.reporters.JUnitXMLReporter -->
<testsuite ignored="0" hostname="DESKTOP-K4PK96U" failures="1" tests="2" name="Open Account Test" time="15.461" errors="0" timestamp="02 Feb 2023 13:20:57 GMT">
  <testcase classname="testcases.OpenAccountTest" name="openAccountTest" time="4.646"/>
  <testcase classname="testcases.OpenAccountTest" name="openAccountTest" time="10.533">
    <failure type="java.lang.AssertionError" message="Cannot locate option with text: anil patil 
For documentation on this error, please visit: https://selenium.dev/exceptions/#no_such_element
Build info: version: &amp;apos;4.4.0&amp;apos;, revision: &amp;apos;e5c75ed026a&amp;apos;
System info: host: &amp;apos;DESKTOP-K4PK96U&amp;apos;, ip: &amp;apos;192.168.56.1&amp;apos;, os.name: &amp;apos;Windows 10&amp;apos;, os.arch: &amp;apos;amd64&amp;apos;, os.version: &amp;apos;10.0&amp;apos;, java.version: &amp;apos;16.0.1&amp;apos;
Driver info: driver.version: unknown">
      <![CDATA[java.lang.AssertionError: Cannot locate option with text: anil patil 
For documentation on this error, please visit: https://selenium.dev/exceptions/#no_such_element
Build info: version: '4.4.0', revision: 'e5c75ed026a'
System info: host: 'DESKTOP-K4PK96U', ip: '192.168.56.1', os.name: 'Windows 10', os.arch: 'amd64', os.version: '10.0', java.version: '16.0.1'
Driver info: driver.version: unknown
at base.BaseTest.select(BaseTest.java:177)
at testcases.OpenAccountTest.openAccountTest(OpenAccountTest.java:17)
... Removed 29 stack frames]]>
    </failure>
  </testcase> <!-- openAccountTest -->
</testsuite> <!-- Open Account Test -->
