<!DOCTYPE html PUBLIC "-//W3C//DTD XHTML 1.1//EN" "http://www.w3.org/TR/xhtml11/DTD/xhtml11.dtd">
<html xmlns="http://www.w3.org/1999/xhtml">
<head>
<meta http-equiv="content-type" content="text/html; charset=UTF-8"/>
<title>TestNG Report</title>
<style type="text/css">table {margin-bottom:10px;border-collapse:collapse;empty-cells:show}th,td {border:1px solid #009;padding:.25em .5em}th {vertical-align:bottom}td {vertical-align:top}table a {font-weight:bold}.stripe td {background-color: #E6EBF9}.num {text-align:right}.passedodd td {background-color: #3F3}.passedeven td {background-color: #0A0}.skippedodd td {background-color: #DDD}.skippedeven td {background-color: #CCC}.failedodd td,.attn {background-color: #F33}.failedeven td,.stripe .attn {background-color: #D00}.stacktrace {white-space:pre;font-family:monospace}.totop {font-size:85%;text-align:center;border-bottom:2px solid #000}.invisible {display:none}</style>
</head>
<body>
<table>
<tr><th>Test</th><th># Passed</th><th># Skipped</th><th># Failed</th><th>Time (ms)</th><th>Included Groups</th><th>Excluded Groups</th></tr>
<tr><th colspan="7">Suite</th></tr>
<tr><td><a href="#t0">Bank Manager login Test</a></td><td class="num">1</td><td class="num">0</td><td class="num">0</td><td class="num">266</td><td></td><td></td></tr>
<tr class="stripe"><td><a href="#t1">Add Customer Test</a></td><td class="num">0</td><td class="num">0</td><td class="num attn">1</td><td class="num">7,506</td><td></td><td></td></tr>
<tr><td><a href="#t2">Open Account Test</a></td><td class="num">1</td><td class="num">0</td><td class="num attn">1</td><td class="num">15,170</td><td></td><td></td></tr>
<tr><th>Total</th><th class="num">2</th><th class="num">0</th><th class="num attn">2</th><th class="num">22,942</th><th colspan="2"></th></tr>
</table>
<table id='summary'><thead><tr><th>Class</th><th>Method</th><th>Start</th><th>Time (ms)</th></tr></thead><tbody><tr><th colspan="4">Suite</th></tr></tbody><tbody id="t0"><tr><th colspan="4">Bank Manager login Test &#8212; passed</th></tr><tr class="passedeven"><td rowspan="1">testcases.BankManagerLoginTest</td><td><a href="#m0">bankManagerLogin</a></td><td rowspan="1">1665061284239</td><td rowspan="1">220</td></tr></tbody>
<tbody id="t1"><tr><th colspan="4">Add Customer Test &#8212; failed</th></tr><tr class="failedeven"><td rowspan="1">testcases.AddCustomerTest</td><td><a href="#m1">addCustomerTest</a></td><td rowspan="1">1665061285110</td><td rowspan="1">7286</td></tr></tbody>
<tbody id="t2"><tr><th colspan="4">Open Account Test &#8212; failed</th></tr><tr class="failedeven"><td rowspan="1">testcases.OpenAccountTest</td><td><a href="#m2">openAccountTest</a></td><td rowspan="1">1665061297483</td><td rowspan="1">10208</td></tr><tr><th colspan="4">Open Account Test &#8212; passed</th></tr><tr class="passedeven"><td rowspan="1">testcases.OpenAccountTest</td><td><a href="#m3">openAccountTest</a></td><td rowspan="1">1665061292717</td><td rowspan="1">4764</td></tr></tbody>
</table>
<h2>Bank Manager login Test</h2><h3 id="m0">testcases.BankManagerLoginTest#bankManagerLogin</h3><table class="result"><tr><th class="invisible"/></tr></table><p class="totop"><a href="#summary">back to summary</a></p>
<h2>Add Customer Test</h2><h3 id="m1">testcases.AddCustomerTest#addCustomerTest</h3><table class="result"><tr><th>Exception</th></tr><tr><td><div class="stacktrace">org.openqa.selenium.UnhandledAlertException: unexpected alert open: {Alert text : Customer added successfully with customer id :6}
  (Session info: chrome=105.0.5195.127): Customer added successfully with customer id :6
Build info: version: &apos;4.4.0&apos;, revision: &apos;e5c75ed026a&apos;
System info: host: &apos;DESKTOP-K4PK96U&apos;, ip: &apos;192.168.56.1&apos;, os.name: &apos;Windows 10&apos;, os.arch: &apos;amd64&apos;, os.version: &apos;10.0&apos;, java.version: &apos;16.0.1&apos;
Driver info: org.openqa.selenium.chrome.ChromeDriver
Command: [8c8462b2a34493ab1deeb98fa073e90e, screenshot {}]
Capabilities {acceptInsecureCerts: false, browserName: chrome, browserVersion: 105.0.5195.127, chrome: {chromedriverVersion: 105.0.5195.52 (412c95e51883..., userDataDir: C:\Users\Arihan\AppData\Loc...}, goog:chromeOptions: {debuggerAddress: localhost:50757}, networkConnectionEnabled: false, pageLoadStrategy: normal, platformName: WINDOWS, proxy: Proxy(), se:cdp: ws://localhost:50757/devtoo..., se:cdpVersion: 105.0.5195.127, setWindowRect: true, strictFileInteractability: false, timeouts: {implicit: 0, pageLoad: 300000, script: 30000}, unhandledPromptBehavior: dismiss and notify, webauthn:extension:credBlob: true, webauthn:extension:largeBlob: true, webauthn:virtualAuthenticators: true}
Session ID: 8c8462b2a34493ab1deeb98fa073e90e
	at org.openqa.selenium.remote.codec.w3c.W3CHttpResponseCodec.decode(W3CHttpResponseCodec.java:131)
	at org.openqa.selenium.remote.codec.w3c.W3CHttpResponseCodec.decode(W3CHttpResponseCodec.java:53)
	at org.openqa.selenium.remote.HttpCommandExecutor.execute(HttpCommandExecutor.java:184)
	at org.openqa.selenium.remote.service.DriverCommandExecutor.invokeExecute(DriverCommandExecutor.java:167)
	at org.openqa.selenium.remote.service.DriverCommandExecutor.execute(DriverCommandExecutor.java:142)
	at org.openqa.selenium.remote.RemoteWebDriver.execute(RemoteWebDriver.java:547)
	at org.openqa.selenium.remote.RemoteWebDriver.execute(RemoteWebDriver.java:602)
	at org.openqa.selenium.remote.RemoteWebDriver.execute(RemoteWebDriver.java:606)
	at org.openqa.selenium.remote.RemoteWebDriver.getScreenshotAs(RemoteWebDriver.java:331)
	at extentlisteners.ExtentManager.captureScreenshot(ExtentManager.java:48)
	at extentlisteners.ExtentListeners.onTestFailure(ExtentListeners.java:49)
... Removed 22 stack frames</div></td></tr></table><p class="totop"><a href="#summary">back to summary</a></p>
<h2>Open Account Test</h2><h3 id="m2">testcases.OpenAccountTest#openAccountTest</h3><table class="result"><tr class="param"><th>Parameter #1</th><th>Parameter #2</th></tr><tr class="param stripe"><td>anil patil </td><td>Dollar</td></tr><tr><th colspan="2">Exception</th></tr><tr><td colspan="2"><div class="stacktrace">java.lang.AssertionError: Cannot locate option with text: anil patil 
For documentation on this error, please visit: https://selenium.dev/exceptions/#no_such_element
Build info: version: &apos;4.4.0&apos;, revision: &apos;e5c75ed026a&apos;
System info: host: &apos;DESKTOP-K4PK96U&apos;, ip: &apos;192.168.56.1&apos;, os.name: &apos;Windows 10&apos;, os.arch: &apos;amd64&apos;, os.version: &apos;10.0&apos;, java.version: &apos;16.0.1&apos;
Driver info: driver.version: unknown
	at base.BaseTest.select(BaseTest.java:177)
	at testcases.OpenAccountTest.openAccountTest(OpenAccountTest.java:17)
... Removed 26 stack frames</div></td></tr></table><p class="totop"><a href="#summary">back to summary</a></p>
<h3 id="m3">testcases.OpenAccountTest#openAccountTest</h3><table class="result"><tr class="param"><th>Parameter #1</th><th>Parameter #2</th></tr><tr class="param stripe"><td>smita patil</td><td>Rupee</td></tr></table><p class="totop"><a href="#summary">back to summary</a></p>
</body>
</html>
